<?xml version="1.0" encoding="UTF-8"?>
<!-- Generated by org.testng.reporters.JUnitXMLReporter -->
<testsuite ignored="0" hostname="edureka" failures="0" tests="1" name="Chrome" time="7.633" errors="0" timestamp="2020-10-13T18:04:53 IST">
  <testcase classname="com.edureka.testng.BaseTest" name="@BeforeMethod launchApp" time="7.432">
    <failure type="java.lang.NullPointerException">
      <![CDATA[java.lang.NullPointerException
at java.base/java.util.Objects.requireNonNull(Objects.java:208)
at org.openqa.selenium.support.ui.FluentWait.<init>(FluentWait.java:106)
at org.openqa.selenium.support.ui.WebDriverWait.<init>(WebDriverWait.java:85)
at org.openqa.selenium.support.ui.WebDriverWait.<init>(WebDriverWait.java:45)
at com.edureka.testng.BaseTest.launchApp(BaseTest.java:43)
at java.base/java.util.ArrayList.forEach(ArrayList.java:1511)
at java.base/java.util.concurrent.FutureTask.run(FutureTask.java:264)
at java.base/java.util.concurrent.ThreadPoolExecutor.runWorker(ThreadPoolExecutor.java:1130)
at java.base/java.util.concurrent.ThreadPoolExecutor$Worker.run(ThreadPoolExecutor.java:630)
at java.base/java.lang.Thread.run(Thread.java:832)
... Removed 22 stack frames]]>
    </failure>
  </testcase> <!-- @BeforeMethod launchApp -->
  <testcase classname="com.edureka.testng.BaseTest" name="@AfterMethod closeApp" time="-1.602592493851E9">
    <skipped/>
  </testcase> <!-- @AfterMethod closeApp -->
  <testcase classname="com.edureka.testng.LoginToGmail" name="login" time="0.0">
    <skipped/>
  </testcase> <!-- login -->
</testsuite> <!-- Chrome -->
