<?xml version="1.0" encoding="UTF-8"?>
<!-- Generated by org.testng.reporters.JUnitXMLReporter -->
<testsuite ignored="0" hostname="edureka" failures="0" tests="3" name="Regression" time="0.303" errors="0" timestamp="2020-10-13T13:53:49 IST">
  <testcase classname="com.edureka.testng.UserModuleScripts" name="createUser" time="0.058"/>
  <testcase classname="com.edureka.testng.UserModuleScripts" name="editUser" time="0.004"/>
  <testcase classname="com.edureka.testng.UserModuleScripts" name="deleteUser" time="0.008"/>
</testsuite> <!-- Regression -->
